This file contains any messages produced by compilers while
running configure, to aid debugging if configure makes a mistake.

It was created by GEMMapper configure 1.0, which was
generated by GNU Autoconf 2.68.  Invocation command line was

  $ ./configure 

## --------- ##
## Platform. ##
## --------- ##

hostname = smarco-laptop
uname -m = x86_64
uname -r = 3.2.0-48-generic
uname -s = Linux
uname -v = #74-Ubuntu SMP Thu Jun 6 19:43:26 UTC 2013

/usr/bin/uname -p = unknown
/bin/uname -X     = unknown

/bin/arch              = unknown
/usr/bin/arch -k       = unknown
/usr/convex/getsysinfo = unknown
/usr/bin/hostinfo      = unknown
/bin/machine           = unknown
/usr/bin/oslevel       = unknown
/bin/universe          = unknown

PATH: /usr/local/cuda/bin
PATH: /usr/lib/lightdm/lightdm
PATH: /usr/local/sbin
PATH: /usr/local/bin
PATH: /usr/sbin
PATH: /usr/bin
PATH: /sbin
PATH: /bin
PATH: /usr/games


## ----------- ##
## Core tests. ##
## ----------- ##

configure:2053: checking for gcc
configure:2069: found /usr/bin/gcc
configure:2080: result: gcc
configure:2309: checking for C compiler version
configure:2318: gcc --version >&5
gcc (Ubuntu/Linaro 4.7.3-2ubuntu1~12.04) 4.7.3
Copyright (C) 2012 Free Software Foundation, Inc.
This is free software; see the source for copying conditions.  There is NO
warranty; not even for MERCHANTABILITY or FITNESS FOR A PARTICULAR PURPOSE.

configure:2329: $? = 0
configure:2318: gcc -v >&5
Using built-in specs.
COLLECT_GCC=gcc
COLLECT_LTO_WRAPPER=/usr/lib/gcc/x86_64-linux-gnu/4.7/lto-wrapper
Target: x86_64-linux-gnu
Configured with: ../src/configure -v --with-pkgversion='Ubuntu/Linaro 4.7.3-2ubuntu1~12.04' --with-bugurl=file:///usr/share/doc/gcc-4.7/README.Bugs --enable-languages=c,c++,go,fortran,objc,obj-c++ --prefix=/usr --program-suffix=-4.7 --enable-shared --enable-linker-build-id --libexecdir=/usr/lib --without-included-gettext --enable-threads=posix --with-gxx-include-dir=/usr/include/c++/4.7 --libdir=/usr/lib --enable-nls --with-sysroot=/ --enable-clocale=gnu --enable-libstdcxx-debug --enable-libstdcxx-time=yes --enable-gnu-unique-object --enable-plugin --with-system-zlib --enable-objc-gc --enable-multiarch --disable-werror --with-arch-32=i686 --with-abi=m64 --with-multilib-list=m32,m64 --with-tune=generic --enable-checking=release --build=x86_64-linux-gnu --host=x86_64-linux-gnu --target=x86_64-linux-gnu
Thread model: posix
gcc version 4.7.3 (Ubuntu/Linaro 4.7.3-2ubuntu1~12.04) 
configure:2329: $? = 0
configure:2318: gcc -V >&5
gcc: error: unrecognized command line option '-V'
gcc: fatal error: no input files
compilation terminated.
configure:2329: $? = 4
configure:2318: gcc -qversion >&5
gcc: error: unrecognized command line option '-qversion'
gcc: fatal error: no input files
compilation terminated.
configure:2329: $? = 4
configure:2349: checking whether the C compiler works
configure:2371: gcc    conftest.c  >&5
configure:2375: $? = 0
configure:2423: result: yes
configure:2426: checking for C compiler default output file name
configure:2428: result: a.out
configure:2434: checking for suffix of executables
configure:2441: gcc -o conftest    conftest.c  >&5
configure:2445: $? = 0
configure:2467: result: 
configure:2489: checking whether we are cross compiling
configure:2497: gcc -o conftest    conftest.c  >&5
configure:2501: $? = 0
configure:2508: ./conftest
configure:2512: $? = 0
configure:2527: result: no
configure:2532: checking for suffix of object files
configure:2554: gcc -c   conftest.c >&5
configure:2558: $? = 0
configure:2579: result: o
configure:2583: checking whether we are using the GNU C compiler
configure:2602: gcc -c   conftest.c >&5
configure:2602: $? = 0
configure:2611: result: yes
configure:2620: checking whether gcc accepts -g
configure:2640: gcc -c -g  conftest.c >&5
configure:2640: $? = 0
configure:2681: result: yes
configure:2698: checking for gcc option to accept ISO C89
configure:2762: gcc  -c -g -O2  conftest.c >&5
configure:2762: $? = 0
configure:2775: result: none needed
configure:2797: checking for gzopen in -lz
configure:2822: gcc -o conftest -g -O2   conftest.c -lz   >&5
configure:2822: $? = 0
configure:2831: result: yes
configure:2839: checking for BZ2_bzReadOpen in -lbz2
configure:2864: gcc -o conftest -g -O2   conftest.c -lbz2   >&5
configure:2864: $? = 0
configure:2873: result: yes
configure:2884: checking how to run the C preprocessor
configure:2915: gcc -E  conftest.c
configure:2915: $? = 0
configure:2929: gcc -E  conftest.c
conftest.c:9:28: fatal error: ac_nonexistent.h: No such file or directory
compilation terminated.
configure:2929: $? = 1
configure: failed program was:
| /* confdefs.h */
| #define PACKAGE_NAME "GEMMapper"
| #define PACKAGE_TARNAME "gemmapper"
| #define PACKAGE_VERSION "1.0"
| #define PACKAGE_STRING "GEMMapper 1.0"
| #define PACKAGE_BUGREPORT ""
| #define PACKAGE_URL ""
| /* end confdefs.h.  */
| #include <ac_nonexistent.h>
configure:2954: result: gcc -E
configure:2974: gcc -E  conftest.c
configure:2974: $? = 0
configure:2988: gcc -E  conftest.c
conftest.c:9:28: fatal error: ac_nonexistent.h: No such file or directory
compilation terminated.
configure:2988: $? = 1
configure: failed program was:
| /* confdefs.h */
| #define PACKAGE_NAME "GEMMapper"
| #define PACKAGE_TARNAME "gemmapper"
| #define PACKAGE_VERSION "1.0"
| #define PACKAGE_STRING "GEMMapper 1.0"
| #define PACKAGE_BUGREPORT ""
| #define PACKAGE_URL ""
| /* end confdefs.h.  */
| #include <ac_nonexistent.h>
configure:3017: checking for grep that handles long lines and -e
configure:3075: result: /bin/grep
configure:3080: checking for egrep
configure:3142: result: /bin/grep -E
configure:3147: checking for ANSI C header files
configure:3167: gcc -c -g -O2  conftest.c >&5
configure:3167: $? = 0
configure:3240: gcc -o conftest -g -O2   conftest.c  >&5
configure:3240: $? = 0
configure:3240: ./conftest
configure:3240: $? = 0
configure:3251: result: yes
configure:3264: checking for sys/types.h
configure:3264: gcc -c -g -O2  conftest.c >&5
configure:3264: $? = 0
configure:3264: result: yes
configure:3264: checking for sys/stat.h
configure:3264: gcc -c -g -O2  conftest.c >&5
configure:3264: $? = 0
configure:3264: result: yes
configure:3264: checking for stdlib.h
configure:3264: gcc -c -g -O2  conftest.c >&5
configure:3264: $? = 0
configure:3264: result: yes
configure:3264: checking for string.h
configure:3264: gcc -c -g -O2  conftest.c >&5
configure:3264: $? = 0
configure:3264: result: yes
configure:3264: checking for memory.h
configure:3264: gcc -c -g -O2  conftest.c >&5
configure:3264: $? = 0
configure:3264: result: yes
configure:3264: checking for strings.h
configure:3264: gcc -c -g -O2  conftest.c >&5
configure:3264: $? = 0
configure:3264: result: yes
configure:3264: checking for inttypes.h
configure:3264: gcc -c -g -O2  conftest.c >&5
configure:3264: $? = 0
configure:3264: result: yes
configure:3264: checking for stdint.h
configure:3264: gcc -c -g -O2  conftest.c >&5
configure:3264: $? = 0
configure:3264: result: yes
configure:3264: checking for unistd.h
configure:3264: gcc -c -g -O2  conftest.c >&5
configure:3264: $? = 0
configure:3264: result: yes
configure:3278: checking bzlib.h usability
configure:3278: gcc -c -g -O2  conftest.c >&5
configure:3278: $? = 0
configure:3278: result: yes
configure:3278: checking bzlib.h presence
configure:3278: gcc -E  conftest.c
configure:3278: $? = 0
configure:3278: result: yes
configure:3278: checking for bzlib.h
configure:3278: result: yes
configure:3295: checking omp.h usability
configure:3295: gcc -c -g -O2  conftest.c >&5
configure:3295: $? = 0
configure:3295: result: yes
configure:3295: checking omp.h presence
configure:3295: gcc -E  conftest.c
configure:3295: $? = 0
configure:3295: result: yes
configure:3295: checking for omp.h
configure:3295: result: yes
configure:3319: checking nvcc in /usr/local/cuda/bin
configure:3322: result: found
configure:3337: checking for /usr/local/cuda/lib64
configure:3351: result: yes
configure:3356: checking for cuInit in -lcuda
configure:3381: gcc -o conftest -g -O2   -L/usr/local/cuda/lib64 conftest.c -lcuda   >&5
configure:3381: $? = 0
configure:3390: result: yes
configure:3403: checking for main in -lcudart
configure:3422: gcc -o conftest -g -O2   -L/usr/local/cuda/lib64 conftest.c -lcudart  -lcuda  >&5
configure:3422: $? = 0
configure:3431: result: yes
configure:3454: checking for /usr/local/cuda/include
configure:3468: result: yes
configure:3476: checking cuda.h usability
configure:3476: gcc -c -g -O2  -I/usr/local/cuda/include conftest.c >&5
configure:3476: $? = 0
configure:3476: result: yes
configure:3476: checking cuda.h presence
configure:3476: gcc -E  -I/usr/local/cuda/include conftest.c
configure:3476: $? = 0
configure:3476: result: yes
configure:3476: checking for cuda.h
configure:3476: result: yes
configure:3476: checking cuda_runtime.h usability
configure:3476: gcc -c -g -O2  -I/usr/local/cuda/include conftest.c >&5
configure:3476: $? = 0
configure:3476: result: yes
configure:3476: checking cuda_runtime.h presence
configure:3476: gcc -E  -I/usr/local/cuda/include conftest.c
configure:3476: $? = 0
configure:3476: result: yes
configure:3476: checking for cuda_runtime.h
configure:3476: result: yes
configure:3664: creating ./config.status

## ---------------------- ##
## Running config.status. ##
## ---------------------- ##

This file was extended by GEMMapper config.status 1.0, which was
generated by GNU Autoconf 2.68.  Invocation command line was

  CONFIG_FILES    = 
  CONFIG_HEADERS  = 
  CONFIG_LINKS    = 
  CONFIG_COMMANDS = 
  $ ./config.status 

on smarco-laptop

config.status:741: creating Makefile.mk

## ---------------- ##
## Cache variables. ##
## ---------------- ##

ac_cv_c_compiler_gnu=yes
ac_cv_env_CC_set=
ac_cv_env_CC_value=
ac_cv_env_CFLAGS_set=
ac_cv_env_CFLAGS_value=
ac_cv_env_CPPFLAGS_set=
ac_cv_env_CPPFLAGS_value=
ac_cv_env_CPP_set=
ac_cv_env_CPP_value=
ac_cv_env_LDFLAGS_set=
ac_cv_env_LDFLAGS_value=
ac_cv_env_LIBS_set=
ac_cv_env_LIBS_value=
ac_cv_env_build_alias_set=
ac_cv_env_build_alias_value=
ac_cv_env_host_alias_set=
ac_cv_env_host_alias_value=
ac_cv_env_target_alias_set=
ac_cv_env_target_alias_value=
ac_cv_file__usr_local_cuda_include=yes
ac_cv_file__usr_local_cuda_lib64=yes
ac_cv_header_bzlib_h=yes
ac_cv_header_cuda_h=yes
ac_cv_header_cuda_runtime_h=yes
ac_cv_header_inttypes_h=yes
ac_cv_header_memory_h=yes
ac_cv_header_omp_h=yes
ac_cv_header_stdc=yes
ac_cv_header_stdint_h=yes
ac_cv_header_stdlib_h=yes
ac_cv_header_string_h=yes
ac_cv_header_strings_h=yes
ac_cv_header_sys_stat_h=yes
ac_cv_header_sys_types_h=yes
ac_cv_header_unistd_h=yes
ac_cv_lib_bz2_BZ2_bzReadOpen=yes
ac_cv_lib_cuda_cuInit=yes
ac_cv_lib_cudart_main=yes
ac_cv_lib_z_gzopen=yes
ac_cv_objext=o
ac_cv_path_EGREP='/bin/grep -E'
ac_cv_path_GREP=/bin/grep
ac_cv_prog_CPP='gcc -E'
ac_cv_prog_ac_ct_CC=gcc
ac_cv_prog_cc_c89=
ac_cv_prog_cc_g=yes

## ----------------- ##
## Output variables. ##
## ----------------- ##

CC='gcc'
CFLAGS=''
CPP='gcc -E'
CPPFLAGS=' -I/usr/local/cuda/include'
CUDA_PATH='/usr/local/cuda'
DEFS='-DPACKAGE_NAME=\"GEMMapper\" -DPACKAGE_TARNAME=\"gemmapper\" -DPACKAGE_VERSION=\"1.0\" -DPACKAGE_STRING=\"GEMMapper\ 1.0\" -DPACKAGE_BUGREPORT=\"\" -DPACKAGE_URL=\"\" -DSTDC_HEADERS=1 -DHAVE_SYS_TYPES_H=1 -DHAVE_SYS_STAT_H=1 -DHAVE_STDLIB_H=1 -DHAVE_STRING_H=1 -DHAVE_MEMORY_H=1 -DHAVE_STRINGS_H=1 -DHAVE_INTTYPES_H=1 -DHAVE_STDINT_H=1 -DHAVE_UNISTD_H=1 -DHAVE_BZLIB_H=1 -DHAVE_OMP_H=1 -DHAVE_LIBCUDA=1 -DHAVE_LIBCUDART=1 -DHAVE_CUDA_H=1 -DHAVE_CUDA_RUNTIME_H=1'
ECHO_C=''
ECHO_N='-n'
ECHO_T=''
EGREP='/bin/grep -E'
EXEEXT=''
GREP='/bin/grep'
HAVE_BZLIB='1'
HAVE_CUDA='1'
HAVE_OPENMP='1'
HAVE_ZLIB='1'
LDFLAGS=''
LIBOBJS=''
LIBS='-lcudart -lcuda '
LTLIBOBJS=''
OBJEXT='o'
PACKAGE_BUGREPORT=''
PACKAGE_NAME='GEMMapper'
PACKAGE_STRING='GEMMapper 1.0'
PACKAGE_TARNAME='gemmapper'
PACKAGE_URL=''
PACKAGE_VERSION='1.0'
PATH_SEPARATOR=':'
SHELL='/bin/bash'
ac_ct_CC='gcc'
bindir='${exec_prefix}/bin'
build_alias=''
datadir='${datarootdir}'
datarootdir='${prefix}/share'
docdir='${datarootdir}/doc/${PACKAGE_TARNAME}'
dvidir='${docdir}'
exec_prefix='${prefix}'
host_alias=''
htmldir='${docdir}'
includedir='${prefix}/include'
infodir='${datarootdir}/info'
libdir='${exec_prefix}/lib'
libexecdir='${exec_prefix}/libexec'
localedir='${datarootdir}/locale'
localstatedir='${prefix}/var'
mandir='${datarootdir}/man'
oldincludedir='/usr/include'
pdfdir='${docdir}'
prefix='/usr/local'
program_transform_name='s,x,x,'
psdir='${docdir}'
sbindir='${exec_prefix}/sbin'
sharedstatedir='${prefix}/com'
sysconfdir='${prefix}/etc'
target_alias=''

## ----------- ##
## confdefs.h. ##
## ----------- ##

/* confdefs.h */
#define PACKAGE_NAME "GEMMapper"
#define PACKAGE_TARNAME "gemmapper"
#define PACKAGE_VERSION "1.0"
#define PACKAGE_STRING "GEMMapper 1.0"
#define PACKAGE_BUGREPORT ""
#define PACKAGE_URL ""
#define STDC_HEADERS 1
#define HAVE_SYS_TYPES_H 1
#define HAVE_SYS_STAT_H 1
#define HAVE_STDLIB_H 1
#define HAVE_STRING_H 1
#define HAVE_MEMORY_H 1
#define HAVE_STRINGS_H 1
#define HAVE_INTTYPES_H 1
#define HAVE_STDINT_H 1
#define HAVE_UNISTD_H 1
#define HAVE_BZLIB_H 1
#define HAVE_OMP_H 1
#define HAVE_LIBCUDA 1
#define HAVE_LIBCUDART 1
#define HAVE_CUDA_H 1
#define HAVE_CUDA_RUNTIME_H 1

configure: exit 0
