This file contains any messages produced by compilers while
running configure, to aid debugging if configure makes a mistake.

It was created by GEMTools configure 1.0, which was
generated by GNU Autoconf 2.68.  Invocation command line was

  $ ./configure 

## --------- ##
## Platform. ##
## --------- ##

hostname = hekatonkheires
uname -m = x86_64
uname -r = 4.6.2-040602-generic
uname -s = Linux
uname -v = #201606100516 SMP Fri Jun 10 09:18:34 UTC 2016

/usr/bin/uname -p = unknown
/bin/uname -X     = unknown

/bin/arch              = unknown
/usr/bin/arch -k       = unknown
/usr/convex/getsysinfo = unknown
/usr/bin/hostinfo      = unknown
/bin/machine           = unknown
/usr/bin/oslevel       = unknown
/bin/universe          = unknown

PATH: /home/smarco/bin
PATH: /home/smarco/.local/bin
PATH: /usr/local/sbin
PATH: /usr/local/bin
PATH: /usr/sbin
PATH: /usr/bin
PATH: /sbin
PATH: /bin
PATH: /usr/games
PATH: /usr/local/games
PATH: /snap/bin


## ----------- ##
## Core tests. ##
## ----------- ##

configure:2045: checking for gcc
configure:2061: found /usr/bin/gcc
configure:2072: result: gcc
configure:2301: checking for C compiler version
configure:2310: gcc --version >&5
gcc (Ubuntu 5.4.0-6ubuntu1~16.04.4) 5.4.0 20160609
Copyright (C) 2015 Free Software Foundation, Inc.
This is free software; see the source for copying conditions.  There is NO
warranty; not even for MERCHANTABILITY or FITNESS FOR A PARTICULAR PURPOSE.

configure:2321: $? = 0
configure:2310: gcc -v >&5
Using built-in specs.
COLLECT_GCC=gcc
COLLECT_LTO_WRAPPER=/usr/lib/gcc/x86_64-linux-gnu/5/lto-wrapper
Target: x86_64-linux-gnu
Configured with: ../src/configure -v --with-pkgversion='Ubuntu 5.4.0-6ubuntu1~16.04.4' --with-bugurl=file:///usr/share/doc/gcc-5/README.Bugs --enable-languages=c,ada,c++,java,go,d,fortran,objc,obj-c++ --prefix=/usr --program-suffix=-5 --enable-shared --enable-linker-build-id --libexecdir=/usr/lib --without-included-gettext --enable-threads=posix --libdir=/usr/lib --enable-nls --with-sysroot=/ --enable-clocale=gnu --enable-libstdcxx-debug --enable-libstdcxx-time=yes --with-default-libstdcxx-abi=new --enable-gnu-unique-object --disable-vtable-verify --enable-libmpx --enable-plugin --with-system-zlib --disable-browser-plugin --enable-java-awt=gtk --enable-gtk-cairo --with-java-home=/usr/lib/jvm/java-1.5.0-gcj-5-amd64/jre --enable-java-home --with-jvm-root-dir=/usr/lib/jvm/java-1.5.0-gcj-5-amd64 --with-jvm-jar-dir=/usr/lib/jvm-exports/java-1.5.0-gcj-5-amd64 --with-arch-directory=amd64 --with-ecj-jar=/usr/share/java/eclipse-ecj.jar --enable-objc-gc --enable-multiarch --disable-werror --with-arch-32=i686 --with-abi=m64 --with-multilib-list=m32,m64,mx32 --enable-multilib --with-tune=generic --enable-checking=release --build=x86_64-linux-gnu --host=x86_64-linux-gnu --target=x86_64-linux-gnu
Thread model: posix
gcc version 5.4.0 20160609 (Ubuntu 5.4.0-6ubuntu1~16.04.4) 
configure:2321: $? = 0
configure:2310: gcc -V >&5
gcc: error: unrecognized command line option '-V'
gcc: fatal error: no input files
compilation terminated.
configure:2321: $? = 1
configure:2310: gcc -qversion >&5
gcc: error: unrecognized command line option '-qversion'
gcc: fatal error: no input files
compilation terminated.
configure:2321: $? = 1
configure:2341: checking whether the C compiler works
configure:2363: gcc    conftest.c  >&5
configure:2367: $? = 0
configure:2415: result: yes
configure:2418: checking for C compiler default output file name
configure:2420: result: a.out
configure:2426: checking for suffix of executables
configure:2433: gcc -o conftest    conftest.c  >&5
configure:2437: $? = 0
configure:2459: result: 
configure:2481: checking whether we are cross compiling
configure:2489: gcc -o conftest    conftest.c  >&5
configure:2493: $? = 0
configure:2500: ./conftest
configure:2504: $? = 0
configure:2519: result: no
configure:2524: checking for suffix of object files
configure:2546: gcc -c   conftest.c >&5
configure:2550: $? = 0
configure:2571: result: o
configure:2575: checking whether we are using the GNU C compiler
configure:2594: gcc -c   conftest.c >&5
configure:2594: $? = 0
configure:2603: result: yes
configure:2612: checking whether gcc accepts -g
configure:2632: gcc -c -g  conftest.c >&5
configure:2632: $? = 0
configure:2673: result: yes
configure:2690: checking for gcc option to accept ISO C89
configure:2754: gcc  -c -g -O2  conftest.c >&5
configure:2754: $? = 0
configure:2767: result: none needed
configure:2789: checking for gzopen in -lz
configure:2814: gcc -o conftest -g -O2   conftest.c -lz   >&5
configure:2814: $? = 0
configure:2823: result: yes
configure:2831: checking for BZ2_bzReadOpen in -lbz2
configure:2856: gcc -o conftest -g -O2   conftest.c -lbz2   >&5
configure:2856: $? = 0
configure:2865: result: yes
configure:2878: checking how to run the C preprocessor
configure:2909: gcc -E  conftest.c
configure:2909: $? = 0
configure:2923: gcc -E  conftest.c
conftest.c:9:28: fatal error: ac_nonexistent.h: No such file or directory
compilation terminated.
configure:2923: $? = 1
configure: failed program was:
| /* confdefs.h */
| #define PACKAGE_NAME "GEMTools"
| #define PACKAGE_TARNAME "gemtools"
| #define PACKAGE_VERSION "1.0"
| #define PACKAGE_STRING "GEMTools 1.0"
| #define PACKAGE_BUGREPORT ""
| #define PACKAGE_URL ""
| /* end confdefs.h.  */
| #include <ac_nonexistent.h>
configure:2948: result: gcc -E
configure:2968: gcc -E  conftest.c
configure:2968: $? = 0
configure:2982: gcc -E  conftest.c
conftest.c:9:28: fatal error: ac_nonexistent.h: No such file or directory
compilation terminated.
configure:2982: $? = 1
configure: failed program was:
| /* confdefs.h */
| #define PACKAGE_NAME "GEMTools"
| #define PACKAGE_TARNAME "gemtools"
| #define PACKAGE_VERSION "1.0"
| #define PACKAGE_STRING "GEMTools 1.0"
| #define PACKAGE_BUGREPORT ""
| #define PACKAGE_URL ""
| /* end confdefs.h.  */
| #include <ac_nonexistent.h>
configure:3011: checking for grep that handles long lines and -e
configure:3069: result: /bin/grep
configure:3074: checking for egrep
configure:3136: result: /bin/grep -E
configure:3141: checking for ANSI C header files
configure:3161: gcc -c -g -O2  conftest.c >&5
configure:3161: $? = 0
configure:3234: gcc -o conftest -g -O2   conftest.c  >&5
configure:3234: $? = 0
configure:3234: ./conftest
configure:3234: $? = 0
configure:3245: result: yes
configure:3258: checking for sys/types.h
configure:3258: gcc -c -g -O2  conftest.c >&5
configure:3258: $? = 0
configure:3258: result: yes
configure:3258: checking for sys/stat.h
configure:3258: gcc -c -g -O2  conftest.c >&5
configure:3258: $? = 0
configure:3258: result: yes
configure:3258: checking for stdlib.h
configure:3258: gcc -c -g -O2  conftest.c >&5
configure:3258: $? = 0
configure:3258: result: yes
configure:3258: checking for string.h
configure:3258: gcc -c -g -O2  conftest.c >&5
configure:3258: $? = 0
configure:3258: result: yes
configure:3258: checking for memory.h
configure:3258: gcc -c -g -O2  conftest.c >&5
configure:3258: $? = 0
configure:3258: result: yes
configure:3258: checking for strings.h
configure:3258: gcc -c -g -O2  conftest.c >&5
configure:3258: $? = 0
configure:3258: result: yes
configure:3258: checking for inttypes.h
configure:3258: gcc -c -g -O2  conftest.c >&5
configure:3258: $? = 0
configure:3258: result: yes
configure:3258: checking for stdint.h
configure:3258: gcc -c -g -O2  conftest.c >&5
configure:3258: $? = 0
configure:3258: result: yes
configure:3258: checking for unistd.h
configure:3258: gcc -c -g -O2  conftest.c >&5
configure:3258: $? = 0
configure:3258: result: yes
configure:3272: checking omp.h usability
configure:3272: gcc -c -g -O2  conftest.c >&5
configure:3272: $? = 0
configure:3272: result: yes
configure:3272: checking omp.h presence
configure:3272: gcc -E  conftest.c
configure:3272: $? = 0
configure:3272: result: yes
configure:3272: checking for omp.h
configure:3272: result: yes
configure:3436: creating ./config.status

## ---------------------- ##
## Running config.status. ##
## ---------------------- ##

This file was extended by GEMTools config.status 1.0, which was
generated by GNU Autoconf 2.68.  Invocation command line was

  CONFIG_FILES    = 
  CONFIG_HEADERS  = 
  CONFIG_LINKS    = 
  CONFIG_COMMANDS = 
  $ ./config.status 

on hekatonkheires

config.status:: creating Makefile.mk

## ---------------- ##
## Cache variables. ##
## ---------------- ##

ac_cv_c_compiler_gnu=yes
ac_cv_env_CC_set=
ac_cv_env_CC_value=
ac_cv_env_CFLAGS_set=
ac_cv_env_CFLAGS_value=
ac_cv_env_CPPFLAGS_set=
ac_cv_env_CPPFLAGS_value=
ac_cv_env_CPP_set=
ac_cv_env_CPP_value=
ac_cv_env_LDFLAGS_set=
ac_cv_env_LDFLAGS_value=
ac_cv_env_LIBS_set=
ac_cv_env_LIBS_value=
ac_cv_env_build_alias_set=
ac_cv_env_build_alias_value=
ac_cv_env_host_alias_set=
ac_cv_env_host_alias_value=
ac_cv_env_target_alias_set=
ac_cv_env_target_alias_value=
ac_cv_header_inttypes_h=yes
ac_cv_header_memory_h=yes
ac_cv_header_omp_h=yes
ac_cv_header_stdc=yes
ac_cv_header_stdint_h=yes
ac_cv_header_stdlib_h=yes
ac_cv_header_string_h=yes
ac_cv_header_strings_h=yes
ac_cv_header_sys_stat_h=yes
ac_cv_header_sys_types_h=yes
ac_cv_header_unistd_h=yes
ac_cv_lib_bz2_BZ2_bzReadOpen=yes
ac_cv_lib_z_gzopen=yes
ac_cv_objext=o
ac_cv_path_EGREP='/bin/grep -E'
ac_cv_path_GREP=/bin/grep
ac_cv_prog_CPP='gcc -E'
ac_cv_prog_ac_ct_CC=gcc
ac_cv_prog_cc_c89=
ac_cv_prog_cc_g=yes

## ----------------- ##
## Output variables. ##
## ----------------- ##

CC='gcc'
CFLAGS='-g -O2'
CPP='gcc -E'
CPPFLAGS=''
DEFS='-DPACKAGE_NAME=\"GEMTools\" -DPACKAGE_TARNAME=\"gemtools\" -DPACKAGE_VERSION=\"1.0\" -DPACKAGE_STRING=\"GEMTools\ 1.0\" -DPACKAGE_BUGREPORT=\"\" -DPACKAGE_URL=\"\" -DSTDC_HEADERS=1 -DHAVE_SYS_TYPES_H=1 -DHAVE_SYS_STAT_H=1 -DHAVE_STDLIB_H=1 -DHAVE_STRING_H=1 -DHAVE_MEMORY_H=1 -DHAVE_STRINGS_H=1 -DHAVE_INTTYPES_H=1 -DHAVE_STDINT_H=1 -DHAVE_UNISTD_H=1 -DHAVE_OMP_H=1'
ECHO_C=''
ECHO_N='-n'
ECHO_T=''
EGREP='/bin/grep -E'
EXEEXT=''
GREP='/bin/grep'
HAVE_BZLIB='1'
HAVE_OPENMP='1'
HAVE_ZLIB='1'
LDFLAGS=''
LIBOBJS=''
LIBS=''
LTLIBOBJS=''
OBJEXT='o'
PACKAGE_BUGREPORT=''
PACKAGE_NAME='GEMTools'
PACKAGE_STRING='GEMTools 1.0'
PACKAGE_TARNAME='gemtools'
PACKAGE_URL=''
PACKAGE_VERSION='1.0'
PATH_SEPARATOR=':'
SHELL='/bin/sh'
ac_ct_CC='gcc'
bindir='${exec_prefix}/bin'
build_alias=''
datadir='${datarootdir}'
datarootdir='${prefix}/share'
docdir='${datarootdir}/doc/${PACKAGE_TARNAME}'
dvidir='${docdir}'
exec_prefix='${prefix}'
host_alias=''
htmldir='${docdir}'
includedir='${prefix}/include'
infodir='${datarootdir}/info'
libdir='${exec_prefix}/lib'
libexecdir='${exec_prefix}/libexec'
localedir='${datarootdir}/locale'
localstatedir='${prefix}/var'
mandir='${datarootdir}/man'
oldincludedir='/usr/include'
pdfdir='${docdir}'
prefix='/usr/local'
program_transform_name='s,x,x,'
psdir='${docdir}'
sbindir='${exec_prefix}/sbin'
sharedstatedir='${prefix}/com'
sysconfdir='${prefix}/etc'
target_alias=''

## ----------- ##
## confdefs.h. ##
## ----------- ##

/* confdefs.h */
#define PACKAGE_NAME "GEMTools"
#define PACKAGE_TARNAME "gemtools"
#define PACKAGE_VERSION "1.0"
#define PACKAGE_STRING "GEMTools 1.0"
#define PACKAGE_BUGREPORT ""
#define PACKAGE_URL ""
#define STDC_HEADERS 1
#define HAVE_SYS_TYPES_H 1
#define HAVE_SYS_STAT_H 1
#define HAVE_STDLIB_H 1
#define HAVE_STRING_H 1
#define HAVE_MEMORY_H 1
#define HAVE_STRINGS_H 1
#define HAVE_INTTYPES_H 1
#define HAVE_STDINT_H 1
#define HAVE_UNISTD_H 1
#define HAVE_OMP_H 1

configure: exit 0
